<?xml version="1.0" encoding="UTF-8"?>
<!-- Generated by org.testng.reporters.JUnitXMLReporter -->
<testsuite ignored="0" hostname="Techs-MacBook-Air-5.local" failures="0" tests="3" name="Default test" time="13.324" errors="0" timestamp="2025-02-18T23:52:51 IST">
  <testcase classname="testCases.TC3" name="Presetup" time="10.483"/>
  <testcase classname="testCases.TC3" name="navigatetoFormpage" time="2.591"/>
  <testcase classname="testCases.TC3" name="formfill" time="0.183"/>
</testsuite> <!-- Default test -->
