<?xml version="1.0" encoding="UTF-8"?>
<testng-results ignored="0" total="3" passed="3" failed="0" skipped="0">
  <reporter-output>
  </reporter-output>
  <suite started-at="2025-02-18T23:52:37 IST" name="Default suite" finished-at="2025-02-18T23:52:51 IST" duration-ms="13324">
    <groups>
    </groups>
    <test started-at="2025-02-18T23:52:37 IST" name="Default test" finished-at="2025-02-18T23:52:51 IST" duration-ms="13324">
      <class name="testCases.TC3">
        <test-method signature="Presetup()[pri:0, instance:testCases.TC3@6404f418]" started-at="2025-02-18T23:52:37 IST" name="Presetup" finished-at="2025-02-18T23:52:48 IST" duration-ms="10483" status="PASS">
          <reporter-output>
          </reporter-output>
        </test-method> <!-- Presetup -->
        <test-method signature="navigatetoFormpage()[pri:1, instance:testCases.TC3@6404f418]" started-at="2025-02-18T23:52:48 IST" name="navigatetoFormpage" finished-at="2025-02-18T23:52:51 IST" duration-ms="2591" status="PASS">
          <reporter-output>
          </reporter-output>
        </test-method> <!-- navigatetoFormpage -->
        <test-method signature="formfill()[pri:2, instance:testCases.TC3@6404f418]" started-at="2025-02-18T23:52:51 IST" name="formfill" finished-at="2025-02-18T23:52:51 IST" duration-ms="183" status="PASS">
          <reporter-output>
          </reporter-output>
        </test-method> <!-- formfill -->
      </class> <!-- testCases.TC3 -->
    </test> <!-- Default test -->
  </suite> <!-- Default suite -->
</testng-results>
